<?xml version="1.0" encoding="UTF-8"?>
<!-- Generated by org.testng.reporters.JUnitReportReporter -->
<testsuite hostname="Mokshi" failures="0" tests="1" name="New_JAva_Project.java.AppTest" time="0.005" errors="0" timestamp="2025-03-08T02:13:09 CST" skipped="0">
  <testcase classname="New_JAva_Project.java.AppTest" name="testApp" time="0.005"/>
</testsuite> <!-- New_JAva_Project.java.AppTest -->
