<?xml version="1.0" encoding="UTF-8"?>
<!-- Generated by org.testng.reporters.JUnitReportReporter -->
<testsuite hostname="Mokshi" failures="0" tests="1" name="New_JAva_Project.java.thirdTest" time="0.004" errors="0" timestamp="2025-03-14T00:22:20 CDT" skipped="0">
  <testcase classname="New_JAva_Project.java.thirdTest" name="test4" time="0.004"/>
</testsuite> <!-- New_JAva_Project.java.thirdTest -->
