<?xml version="1.0" encoding="UTF-8"?>
<!-- Generated by org.testng.reporters.JUnitReportReporter -->
<testsuite hostname="Mokshi" failures="0" tests="1" name="New_JAva_Project.java.firstTest" time="0.004" errors="0" timestamp="2025-03-08T02:31:56 CST" skipped="0">
  <testcase classname="New_JAva_Project.java.firstTest" name="test2" time="0.004"/>
</testsuite> <!-- New_JAva_Project.java.firstTest -->
