<?xml version="1.0" encoding="UTF-8"?>
<!-- Generated by org.testng.reporters.JUnitReportReporter -->
<testsuite hostname="Mokshi" failures="0" tests="1" name="New_JAva_Project.java.firstjavaTest" time="0.005" errors="0" timestamp="2025-03-08T02:27:59 CST" skipped="0">
  <testcase classname="New_JAva_Project.java.firstjavaTest" name="first" time="0.005"/>
</testsuite> <!-- New_JAva_Project.java.firstjavaTest -->
