<?xml version="1.0" encoding="UTF-8"?>
<testsuite xmlns:xsi="http://www.w3.org/2001/XMLSchema-instance" xsi:noNamespaceSchemaLocation="https://maven.apache.org/surefire/maven-surefire-plugin/xsd/surefire-test-report-3.0.xsd" version="3.0" name="TestSuite" time="0.498" tests="4" errors="0" skipped="0" failures="0">
  <properties>
    <property name="java.specification.version" value="22"/>
    <property name="sun.cpu.isalist" value="amd64"/>
    <property name="sun.jnu.encoding" value="Cp1252"/>
    <property name="java.class.path" value="C:\Users\Nihir\git\new_JAVA\java\target\test-classes;C:\Users\Nihir\git\new_JAVA\java\target\classes;C:\Users\Nihir\.m2\repository\org\testng\testng\7.8.0\testng-7.8.0.jar;C:\Users\Nihir\.m2\repository\com\beust\jcommander\1.82\jcommander-1.82.jar;C:\Users\Nihir\.m2\repository\org\webjars\jquery\3.6.1\jquery-3.6.1.jar;C:\Users\Nihir\.m2\repository\org\slf4j\slf4j-api\2.0.12\slf4j-api-2.0.12.jar;C:\Users\Nihir\.m2\repository\ch\qos\logback\logback-classic\1.4.14\logback-classic-1.4.14.jar;C:\Users\Nihir\.m2\repository\ch\qos\logback\logback-core\1.4.14\logback-core-1.4.14.jar;"/>
    <property name="java.vm.vendor" value="Oracle Corporation"/>
    <property name="sun.arch.data.model" value="64"/>
    <property name="user.variant" value=""/>
    <property name="java.vendor.url" value="https://java.oracle.com/"/>
    <property name="user.timezone" value="America/Chicago"/>
    <property name="os.name" value="Windows 11"/>
    <property name="java.vm.specification.version" value="22"/>
    <property name="sun.java.launcher" value="SUN_STANDARD"/>
    <property name="user.country" value="US"/>
    <property name="sun.boot.library.path" value="C:\Program Files\Java\jdk-22\bin"/>
    <property name="sun.java.command" value="C:\Users\Nihir\AppData\Local\Temp\surefire13380470059968249206\surefirebooter-20250308023155531_3.jar C:\Users\Nihir\AppData\Local\Temp\surefire13380470059968249206 2025-03-08T02-31-55_416-jvmRun1 surefire-20250308023155531_1tmp surefire_0-20250308023155531_2tmp"/>
    <property name="jdk.debug" value="release"/>
    <property name="surefire.test.class.path" value="C:\Users\Nihir\git\new_JAVA\java\target\test-classes;C:\Users\Nihir\git\new_JAVA\java\target\classes;C:\Users\Nihir\.m2\repository\org\testng\testng\7.8.0\testng-7.8.0.jar;C:\Users\Nihir\.m2\repository\com\beust\jcommander\1.82\jcommander-1.82.jar;C:\Users\Nihir\.m2\repository\org\webjars\jquery\3.6.1\jquery-3.6.1.jar;C:\Users\Nihir\.m2\repository\org\slf4j\slf4j-api\2.0.12\slf4j-api-2.0.12.jar;C:\Users\Nihir\.m2\repository\ch\qos\logback\logback-classic\1.4.14\logback-classic-1.4.14.jar;C:\Users\Nihir\.m2\repository\ch\qos\logback\logback-core\1.4.14\logback-core-1.4.14.jar;"/>
    <property name="sun.cpu.endian" value="little"/>
    <property name="user.home" value="C:\Users\Nihir"/>
    <property name="user.language" value="en"/>
    <property name="java.specification.vendor" value="Oracle Corporation"/>
    <property name="java.version.date" value="2024-04-16"/>
    <property name="java.home" value="C:\Program Files\Java\jdk-22"/>
    <property name="file.separator" value="\"/>
    <property name="basedir" value="C:\Users\Nihir\git\new_JAVA\java"/>
    <property name="java.vm.compressedOopsMode" value="Zero based"/>
    <property name="line.separator" value="&#10;"/>
    <property name="java.vm.specification.vendor" value="Oracle Corporation"/>
    <property name="java.specification.name" value="Java Platform API Specification"/>
    <property name="surefire.real.class.path" value="C:\Users\Nihir\AppData\Local\Temp\surefire13380470059968249206\surefirebooter-20250308023155531_3.jar"/>
    <property name="user.script" value=""/>
    <property name="sun.management.compiler" value="HotSpot 64-Bit Tiered Compilers"/>
    <property name="java.runtime.version" value="22.0.1+8-16"/>
    <property name="user.name" value="Nihir"/>
    <property name="stdout.encoding" value="Cp1252"/>
    <property name="path.separator" value=";"/>
    <property name="os.version" value="10.0"/>
    <property name="java.runtime.name" value="Java(TM) SE Runtime Environment"/>
    <property name="file.encoding" value="UTF-8"/>
    <property name="java.vm.name" value="Java HotSpot(TM) 64-Bit Server VM"/>
    <property name="localRepository" value="C:\Users\Nihir\.m2\repository"/>
    <property name="java.vendor.url.bug" value="https://bugreport.java.com/bugreport/"/>
    <property name="java.io.tmpdir" value="C:\Users\Nihir\AppData\Local\Temp\"/>
    <property name="java.version" value="22.0.1"/>
    <property name="user.dir" value="C:\Users\Nihir\git\new_JAVA\java"/>
    <property name="os.arch" value="amd64"/>
    <property name="java.vm.specification.name" value="Java Virtual Machine Specification"/>
    <property name="sun.os.patch.level" value=""/>
    <property name="native.encoding" value="Cp1252"/>
    <property name="environment" value="dev"/>
    <property name="java.library.path" value="C:\Program Files\Java\jdk-22\bin;C:\WINDOWS\Sun\Java\bin;C:\WINDOWS\system32;C:\WINDOWS;C:\Python312\Scripts\;C:Python312\;C:\Program Files\Common Files\Oracle\Java\javapath;C:\Program Files (x86)\Common Files\Oracle\Java\java8path;C:\Program Files (x86)\Common Files\Oracle\Java\javapath;C:\Program Files\Java\jdk-22\bin;C:\Program Files (x86)\TRICENTIS\Tosca Testsuite\ToscaCommander;;C:\Program Files (x86)\TRICENTIS\Tosca Testsuite\Classic;C:\Program Files (x86)\TRICENTIS\Tosca Testsuite\Classic\dll;C:\Program Files (x86)\TRICENTIS\Tosca Testsuite\Classic\dll\GuptaEngine;C:\Program Files (x86)\TRICENTIS\Tosca Testsuite\ToscaCommander;C:\Program Files (x86)\TRICENTIS\Tosca Testsuite\Classic\dll\DelphiEngine;C:\Program Files (x86)\TRICENTIS\Tosca Testsuite\Classic\dll\PBEngine;C:\Program Files (x86)\TRICENTIS\Tosca Testsuite\Classic\dll\VBEngine;C:\Program Files (x86)\TRICENTIS\Tosca Testsuite\Classic\dll\DotNetHooking;;C:\WINDOWS\system32;C:\WINDOWS;C:\WINDOWS\System32\Wbem;C:\WINDOWS\System32\WindowsPowerShell\v1.0\;C:\WINDOWS\System32\OpenSSH\;C:\Program Files\Microsoft SQL Server\Client SDK\ODBC\170\Tools\Binn\;C:\Program Files (x86)\Microsoft SQL Server\150\Tools\Binn\;C:\Program Files\Microsoft SQL Server\150\Tools\Binn\;C:\Program Files\Microsoft SQL Server\150\DTS\Binn\;C:\Program Files (x86)\Microsoft SQL Server\150\DTS\Binn\;C:\Program Files\Azure Data Studio\bin;C:\Program Files\dotnet\;C:\Program Files (x86)\dotnet\;C:\Program Files\apache-maven-3.9.4-bin\apache-maven-3.9.4\bin;C:\Program Files\spring-boot-cli-1.3.0.M1-bin\spring-1.3.0.M1\bin;C:\Program Files\Git\cmd;C:\Program Files\Docker\Docker\resources\bin;C:\Program Files\PuTTY\;C:\Users\Nihir\AppData\Local\Android\Sdk\tools\bin;C:\Users\Nihir\AppData\Local\Android\Sdk\tools;C:\Users\Nihir\AppData\Local\Android\Sdk\platform-tools;C:\Program Files\nodejs\;C:\ProgramData\chocolatey\bin;&quot;C:\Windows;C:\Windows\System32;C:\Python35-37&quot;;C:\Program Files\MySQL\MySQL Utilities 1.6\;C:\Program Files\nodejs;C:\Program Files\apache-maven-3.9.4-bin\apache-maven-3.9.4;C:\Program Files\apache-maven-3.9.4-bin\apache-maven-3.9.4;C:\Program Files\Java\jdk-22;&quot;C:\Users\Nihir\AppData\Local\Android\Sdk\tools;C:\Users\Nihir\AppData\Local\Android\Sdk\tools\bin;C:\Users\Nihir\AppData\Local\Android\Sdk\platform-tools&quot;;C:\Program Files\Calibre2\;C:\Users\Nihir\AppData\Local\Programs\Python\Python312\Scripts\;C:\Users\Nihir\AppData\Local\Programs\Python\Python312\;C:\Users\Nihir\scoop\shims;C:\Program Files\MySQL\MySQL Shell 8.0\bin\;C:\Users\Nihir\AppData\Local\Microsoft\WindowsApps;C:\Program Files\JetBrains\PyCharm Community Edition 2024.1.3\bin;;C:\Program Files\Azure Data Studio\bin;C:\Users\Nihir\.dotnet\tools;C:\Program Files\JetBrains\IntelliJ IDEA 2024.1.4\bin;;C:\Users\Nihir\AppData\Local\Programs\Microsoft VS Code\bin;C:\Users\Nihir\AppData\Local\GitHubDesktop\bin;C:\Users\Nihir\AppData\Roaming\npm;C:\Program Files\JetBrains\PyCharm 2024.1.3\bin;;C:\Users\Nihir\flutter\bin;C:\Users\Nihir\AppData\Local\Android\Sdk;."/>
    <property name="java.vm.info" value="mixed mode, sharing"/>
    <property name="stderr.encoding" value="Cp1252"/>
    <property name="java.vendor" value="Oracle Corporation"/>
    <property name="java.vm.version" value="22.0.1+8-16"/>
    <property name="sun.io.unicode.encoding" value="UnicodeLittle"/>
    <property name="java.class.version" value="66.0"/>
  </properties>
  <testcase name="test3" classname="New_JAva_Project.java.secondTest" time="0.006">
    <system-out><![CDATA[02:31:55.937 [main] DEBUG org.testng.TestNG -- suiteXmlPath: "C:\Users\Nihir\git\new_JAVA\java\testng.xml"
hi
fdsfsdfsdfhsdfsdfhsdfiuosdhf
dsjfhdsjfjdsfhjsdhfjsdfhjsdhfjsdhfjsdhfj
hello wordld
]]></system-out>
  </testcase>
  <testcase name="test2" classname="New_JAva_Project.java.firstTest" time="0.007"/>
  <testcase name="first" classname="New_JAva_Project.java.firstjavaTest" time="0.007"/>
  <testcase name="test4" classname="New_JAva_Project.java.thirdTest" time="0.007"/>
</testsuite>